<?xml version="1.0" encoding="UTF-8"?>
<!-- Generated by org.testng.reporters.JUnitReportReporter -->
<testsuite hostname="InuKabu" failures="0" tests="3" name="tesNg.testNgItestListnerPractice" time="0.041" errors="1" timestamp="2021-03-17T15:49:08 CDT" skipped="2">
  <testcase classname="tesNg.testNgItestListnerPractice" name="testNgCloseTheBrower" time="0.000">
    <skipped/>
  </testcase> <!-- testNgCloseTheBrower -->
  <system-out/>
  <testcase classname="tesNg.testNgItestListnerPractice" name="statusReport" time="0.041">
    <error message="freemarker/template/TemplateModelException" type="java.lang.NoClassDefFoundError">
      <![CDATA[java.lang.NoClassDefFoundError: freemarker/template/TemplateModelException
at com.relevantcodes.extentreports.ExtentReports.<init>(ExtentReports.java:86)
at com.relevantcodes.extentreports.ExtentReports.<init>(ExtentReports.java:420)
at tesNg.testNgItestListnerPractice.statusReport(testNgItestListnerPractice.java:27)
at java.base/jdk.internal.reflect.NativeMethodAccessorImpl.invoke0(Native Method)
at java.base/jdk.internal.reflect.NativeMethodAccessorImpl.invoke(NativeMethodAccessorImpl.java:64)
at java.base/jdk.internal.reflect.DelegatingMethodAccessorImpl.invoke(DelegatingMethodAccessorImpl.java:43)
at java.base/java.lang.reflect.Method.invoke(Method.java:564)
at org.testng.internal.MethodInvocationHelper.invokeMethod(MethodInvocationHelper.java:132)
at org.testng.internal.MethodInvocationHelper.invokeMethodConsideringTimeout(MethodInvocationHelper.java:61)
at org.testng.internal.ConfigInvoker.invokeConfigurationMethod(ConfigInvoker.java:366)
at org.testng.internal.ConfigInvoker.invokeConfigurations(ConfigInvoker.java:320)
at org.testng.TestRunner.invokeTestConfigurations(TestRunner.java:617)
at org.testng.TestRunner.beforeRun(TestRunner.java:607)
at org.testng.TestRunner.run(TestRunner.java:578)
at org.testng.SuiteRunner.runTest(SuiteRunner.java:384)
at org.testng.SuiteRunner.runSequentially(SuiteRunner.java:378)
at org.testng.SuiteRunner.privateRun(SuiteRunner.java:337)
at org.testng.SuiteRunner.run(SuiteRunner.java:286)
at org.testng.SuiteRunnerWorker.runSuite(SuiteRunnerWorker.java:53)
at org.testng.SuiteRunnerWorker.run(SuiteRunnerWorker.java:96)
at org.testng.TestNG.runSuitesSequentially(TestNG.java:1218)
at org.testng.TestNG.runSuitesLocally(TestNG.java:1140)
at org.testng.TestNG.runSuites(TestNG.java:1069)
at org.testng.TestNG.run(TestNG.java:1037)
at org.testng.remote.AbstractRemoteTestNG.run(AbstractRemoteTestNG.java:115)
at org.testng.remote.RemoteTestNG.initAndRun(RemoteTestNG.java:251)
at org.testng.remote.RemoteTestNG.main(RemoteTestNG.java:77)
Caused by: java.lang.ClassNotFoundException: freemarker.template.TemplateModelException
at java.base/jdk.internal.loader.BuiltinClassLoader.loadClass(BuiltinClassLoader.java:606)
at java.base/jdk.internal.loader.ClassLoaders$AppClassLoader.loadClass(ClassLoaders.java:168)
at java.base/java.lang.ClassLoader.loadClass(ClassLoader.java:522)
... 27 more
]]>
    </error>
  </testcase> <!-- statusReport -->
  <system-out/>
  <testcase classname="tesNg.testNgItestListnerPractice" name="testNgOPenTheBrower" time="0.000">
    <skipped/>
  </testcase> <!-- testNgOPenTheBrower -->
  <system-out/>
</testsuite> <!-- tesNg.testNgItestListnerPractice -->
